{"/Users/niuchengqun/Desktop/coder acade/T3A2/T3A2-Part-B-Server/src/app.js": {"path":"/Users/niuchengqun/Desktop/coder acade/T3A2/T3A2-Part-B-Server/src/app.js","statementMap":{"0":{"start":{"line":9,"column":12},"end":{"line":9,"column":21}},"1":{"start":{"line":12,"column":0},"end":{"line":12,"column":15}},"2":{"start":{"line":13,"column":0},"end":{"line":13,"column":23}},"3":{"start":{"line":16,"column":0},"end":{"line":16,"column":78}},"4":{"start":{"line":16,"column":36},"end":{"line":16,"column":77}},"5":{"start":{"line":18,"column":0},"end":{"line":18,"column":35}},"6":{"start":{"line":19,"column":0},"end":{"line":19,"column":29}},"7":{"start":{"line":20,"column":0},"end":{"line":20,"column":31}}},"fnMap":{"0":{"name":"(anonymous_0)","decl":{"start":{"line":16,"column":13},"end":{"line":16,"column":14}},"loc":{"start":{"line":16,"column":36},"end":{"line":16,"column":77}},"line":16}},"branchMap":{},"s":{"0":3,"1":3,"2":3,"3":3,"4":1,"5":3,"6":3,"7":3},"f":{"0":1},"b":{},"_coverageSchema":"1a1c01bbd47fc00a2c39e90264f33305004495a9","hash":"84559c4849de1db49eb01b52388b6d1b8b1a86db"}
,"/Users/niuchengqun/Desktop/coder acade/T3A2/T3A2-Part-B-Server/src/db.js": {"path":"/Users/niuchengqun/Desktop/coder acade/T3A2/T3A2-Part-B-Server/src/db.js","statementMap":{"0":{"start":{"line":5,"column":0},"end":{"line":5,"column":15}},"1":{"start":{"line":7,"column":0},"end":{"line":7,"column":33}},"2":{"start":{"line":11,"column":2},"end":{"line":11,"column":35}},"3":{"start":{"line":12,"column":2},"end":{"line":12,"column":38}},"4":{"start":{"line":16,"column":0},"end":{"line":22,"column":1}},"5":{"start":{"line":17,"column":12},"end":{"line":17,"column":60}},"6":{"start":{"line":18,"column":2},"end":{"line":18,"column":98}},"7":{"start":{"line":21,"column":2},"end":{"line":21,"column":18}},"8":{"start":{"line":25,"column":22},"end":{"line":30,"column":2}},"9":{"start":{"line":33,"column":19},"end":{"line":39,"column":1}},"10":{"start":{"line":42,"column":20},"end":{"line":46,"column":2}},"11":{"start":{"line":49,"column":22},"end":{"line":59,"column":2}},"12":{"start":{"line":62,"column":18},"end":{"line":62,"column":52}},"13":{"start":{"line":63,"column":21},"end":{"line":63,"column":61}},"14":{"start":{"line":64,"column":19},"end":{"line":64,"column":55}},"15":{"start":{"line":65,"column":21},"end":{"line":65,"column":61}}},"fnMap":{"0":{"name":"dbClose","decl":{"start":{"line":10,"column":15},"end":{"line":10,"column":22}},"loc":{"start":{"line":10,"column":25},"end":{"line":13,"column":1}},"line":10}},"branchMap":{"0":{"loc":{"start":{"line":18,"column":14},"end":{"line":18,"column":97}},"type":"cond-expr","locations":[{"start":{"line":18,"column":46},"end":{"line":18,"column":66}},{"start":{"line":18,"column":69},"end":{"line":18,"column":97}}],"line":18}},"s":{"0":4,"1":4,"2":0,"3":0,"4":4,"5":4,"6":4,"7":0,"8":4,"9":4,"10":4,"11":4,"12":4,"13":4,"14":4,"15":4},"f":{"0":0},"b":{"0":[4,0]},"_coverageSchema":"1a1c01bbd47fc00a2c39e90264f33305004495a9","hash":"52bce48336c4405dc1e217bd5f1c04f70d64f52d"}
,"/Users/niuchengqun/Desktop/coder acade/T3A2/T3A2-Part-B-Server/src/controllers/cart_controller.js": {"path":"/Users/niuchengqun/Desktop/coder acade/T3A2/T3A2-Part-B-Server/src/controllers/cart_controller.js","statementMap":{"0":{"start":{"line":7,"column":24},"end":{"line":7,"column":73}},"1":{"start":{"line":9,"column":2},"end":{"line":15,"column":3}},"2":{"start":{"line":10,"column":24},"end":{"line":10,"column":132}},"3":{"start":{"line":11,"column":4},"end":{"line":11,"column":22}},"4":{"start":{"line":14,"column":4},"end":{"line":14,"column":31}},"5":{"start":{"line":21,"column":2},"end":{"line":33,"column":3}},"6":{"start":{"line":22,"column":21},"end":{"line":22,"column":59}},"7":{"start":{"line":24,"column":4},"end":{"line":29,"column":5}},"8":{"start":{"line":25,"column":6},"end":{"line":25,"column":23}},"9":{"start":{"line":28,"column":6},"end":{"line":28,"column":35}},"10":{"start":{"line":32,"column":4},"end":{"line":32,"column":28}},"11":{"start":{"line":41,"column":23},"end":{"line":41,"column":47}},"12":{"start":{"line":43,"column":4},"end":{"line":65,"column":5}},"13":{"start":{"line":45,"column":26},"end":{"line":45,"column":40}},"14":{"start":{"line":47,"column":20},"end":{"line":49,"column":8}},"15":{"start":{"line":48,"column":8},"end":{"line":48,"column":64}},"16":{"start":{"line":51,"column":6},"end":{"line":56,"column":7}},"17":{"start":{"line":52,"column":10},"end":{"line":52,"column":42}},"18":{"start":{"line":55,"column":8},"end":{"line":55,"column":37}},"19":{"start":{"line":58,"column":30},"end":{"line":58,"column":55}},"20":{"start":{"line":60,"column":24},"end":{"line":60,"column":92}},"21":{"start":{"line":61,"column":8},"end":{"line":61,"column":43}},"22":{"start":{"line":64,"column":6},"end":{"line":64,"column":49}},"23":{"start":{"line":70,"column":2},"end":{"line":70,"column":34}},"24":{"start":{"line":76,"column":13},"end":{"line":76,"column":30}},"25":{"start":{"line":78,"column":21},"end":{"line":78,"column":40}},"26":{"start":{"line":79,"column":2},"end":{"line":83,"column":3}},"27":{"start":{"line":80,"column":4},"end":{"line":80,"column":30}},"28":{"start":{"line":82,"column":4},"end":{"line":82,"column":47}},"29":{"start":{"line":89,"column":17},"end":{"line":89,"column":71}},"30":{"start":{"line":91,"column":2},"end":{"line":105,"column":3}},"31":{"start":{"line":93,"column":4},"end":{"line":102,"column":7}},"32":{"start":{"line":94,"column":6},"end":{"line":94,"column":54}},"33":{"start":{"line":97,"column":26},"end":{"line":97,"column":45}},"34":{"start":{"line":100,"column":31},"end":{"line":100,"column":66}},"35":{"start":{"line":101,"column":6},"end":{"line":101,"column":50}},"36":{"start":{"line":104,"column":4},"end":{"line":104,"column":43}},"37":{"start":{"line":112,"column":19},"end":{"line":112,"column":60}},"38":{"start":{"line":113,"column":4},"end":{"line":129,"column":5}},"39":{"start":{"line":115,"column":23},"end":{"line":115,"column":61}},"40":{"start":{"line":116,"column":6},"end":{"line":126,"column":7}},"41":{"start":{"line":118,"column":28},"end":{"line":119,"column":72}},"42":{"start":{"line":119,"column":10},"end":{"line":119,"column":70}},"43":{"start":{"line":121,"column":24},"end":{"line":121,"column":113}},"44":{"start":{"line":123,"column":8},"end":{"line":123,"column":31}},"45":{"start":{"line":125,"column":8},"end":{"line":125,"column":49}},"46":{"start":{"line":128,"column":6},"end":{"line":128,"column":45}},"47":{"start":{"line":135,"column":2},"end":{"line":146,"column":1}},"48":{"start":{"line":136,"column":21},"end":{"line":136,"column":73}},"49":{"start":{"line":138,"column":4},"end":{"line":142,"column":5}},"50":{"start":{"line":139,"column":6},"end":{"line":139,"column":25}},"51":{"start":{"line":141,"column":6},"end":{"line":141,"column":54}},"52":{"start":{"line":145,"column":4},"end":{"line":145,"column":54}}},"fnMap":{"0":{"name":"checkProduct","decl":{"start":{"line":5,"column":15},"end":{"line":5,"column":27}},"loc":{"start":{"line":5,"column":51},"end":{"line":16,"column":1}},"line":5},"1":{"name":"checkCart","decl":{"start":{"line":19,"column":15},"end":{"line":19,"column":24}},"loc":{"start":{"line":19,"column":29},"end":{"line":35,"column":1}},"line":19},"2":{"name":"updateCart","decl":{"start":{"line":38,"column":15},"end":{"line":38,"column":25}},"loc":{"start":{"line":38,"column":43},"end":{"line":66,"column":1}},"line":38},"3":{"name":"(anonymous_3)","decl":{"start":{"line":47,"column":42},"end":{"line":47,"column":43}},"loc":{"start":{"line":47,"column":49},"end":{"line":49,"column":7}},"line":47},"4":{"name":"getAllCart","decl":{"start":{"line":69,"column":15},"end":{"line":69,"column":25}},"loc":{"start":{"line":69,"column":36},"end":{"line":71,"column":1}},"line":69},"5":{"name":"getSingleCart","decl":{"start":{"line":74,"column":15},"end":{"line":74,"column":28}},"loc":{"start":{"line":74,"column":39},"end":{"line":84,"column":1}},"line":74},"6":{"name":"addProduct","decl":{"start":{"line":87,"column":15},"end":{"line":87,"column":25}},"loc":{"start":{"line":87,"column":36},"end":{"line":106,"column":1}},"line":87},"7":{"name":"deleteProduct","decl":{"start":{"line":110,"column":15},"end":{"line":110,"column":28}},"loc":{"start":{"line":110,"column":39},"end":{"line":130,"column":3}},"line":110},"8":{"name":"(anonymous_8)","decl":{"start":{"line":118,"column":50},"end":{"line":118,"column":51}},"loc":{"start":{"line":118,"column":58},"end":{"line":119,"column":71}},"line":118},"9":{"name":"deleteCart","decl":{"start":{"line":133,"column":15},"end":{"line":133,"column":25}},"loc":{"start":{"line":133,"column":36},"end":{"line":147,"column":1}},"line":133}},"branchMap":{"0":{"loc":{"start":{"line":9,"column":2},"end":{"line":15,"column":3}},"type":"if","locations":[{"start":{"line":9,"column":2},"end":{"line":15,"column":3}},{"start":{"line":13,"column":9},"end":{"line":15,"column":3}}],"line":9},"1":{"loc":{"start":{"line":24,"column":4},"end":{"line":29,"column":5}},"type":"if","locations":[{"start":{"line":24,"column":4},"end":{"line":29,"column":5}},{"start":{"line":27,"column":11},"end":{"line":29,"column":5}}],"line":24},"2":{"loc":{"start":{"line":43,"column":4},"end":{"line":65,"column":5}},"type":"if","locations":[{"start":{"line":43,"column":4},"end":{"line":65,"column":5}},{"start":{"line":63,"column":10},"end":{"line":65,"column":5}}],"line":43},"3":{"loc":{"start":{"line":51,"column":6},"end":{"line":56,"column":7}},"type":"if","locations":[{"start":{"line":51,"column":6},"end":{"line":56,"column":7}},{"start":{"line":54,"column":12},"end":{"line":56,"column":7}}],"line":51},"4":{"loc":{"start":{"line":79,"column":2},"end":{"line":83,"column":3}},"type":"if","locations":[{"start":{"line":79,"column":2},"end":{"line":83,"column":3}},{"start":{"line":81,"column":9},"end":{"line":83,"column":3}}],"line":79},"5":{"loc":{"start":{"line":91,"column":2},"end":{"line":105,"column":3}},"type":"if","locations":[{"start":{"line":91,"column":2},"end":{"line":105,"column":3}},{"start":{"line":103,"column":9},"end":{"line":105,"column":3}}],"line":91},"6":{"loc":{"start":{"line":93,"column":4},"end":{"line":102,"column":7}},"type":"if","locations":[{"start":{"line":93,"column":4},"end":{"line":102,"column":7}},{"start":{"line":96,"column":11},"end":{"line":102,"column":7}}],"line":93},"7":{"loc":{"start":{"line":113,"column":4},"end":{"line":129,"column":5}},"type":"if","locations":[{"start":{"line":113,"column":4},"end":{"line":129,"column":5}},{"start":{"line":127,"column":11},"end":{"line":129,"column":5}}],"line":113},"8":{"loc":{"start":{"line":116,"column":6},"end":{"line":126,"column":7}},"type":"if","locations":[{"start":{"line":116,"column":6},"end":{"line":126,"column":7}},{"start":{"line":124,"column":13},"end":{"line":126,"column":7}}],"line":116},"9":{"loc":{"start":{"line":138,"column":4},"end":{"line":142,"column":5}},"type":"if","locations":[{"start":{"line":138,"column":4},"end":{"line":142,"column":5}},{"start":{"line":140,"column":11},"end":{"line":142,"column":5}}],"line":138}},"s":{"0":17,"1":17,"2":13,"3":13,"4":4,"5":21,"6":21,"7":19,"8":13,"9":6,"10":2,"11":6,"12":6,"13":4,"14":4,"15":7,"16":4,"17":3,"18":1,"19":4,"20":4,"21":4,"22":2,"23":6,"24":10,"25":10,"26":10,"27":6,"28":4,"29":10,"30":10,"31":8,"32":6,"33":2,"34":2,"35":2,"36":2,"37":6,"38":6,"39":4,"40":4,"41":2,"42":3,"43":2,"44":2,"45":2,"46":2,"47":6,"48":6,"49":4,"50":2,"51":2,"52":2},"f":{"0":17,"1":21,"2":6,"3":7,"4":6,"5":10,"6":10,"7":6,"8":3,"9":6},"b":{"0":[13,4],"1":[13,6],"2":[4,2],"3":[3,1],"4":[6,4],"5":[8,2],"6":[6,2],"7":[4,2],"8":[2,2],"9":[2,2]},"_coverageSchema":"1a1c01bbd47fc00a2c39e90264f33305004495a9","hash":"7d5c9969c09e61cfbb239b748c4b190609c96fd3"}
,"/Users/niuchengqun/Desktop/coder acade/T3A2/T3A2-Part-B-Server/src/controllers/order_controller.js": {"path":"/Users/niuchengqun/Desktop/coder acade/T3A2/T3A2-Part-B-Server/src/controllers/order_controller.js","statementMap":{"0":{"start":{"line":4,"column":2},"end":{"line":4,"column":72}},"1":{"start":{"line":8,"column":2},"end":{"line":19,"column":3}},"2":{"start":{"line":10,"column":18},"end":{"line":10,"column":106}},"3":{"start":{"line":12,"column":4},"end":{"line":16,"column":5}},"4":{"start":{"line":13,"column":6},"end":{"line":13,"column":21}},"5":{"start":{"line":15,"column":6},"end":{"line":15,"column":57}},"6":{"start":{"line":18,"column":4},"end":{"line":18,"column":55}},"7":{"start":{"line":23,"column":2},"end":{"line":34,"column":3}},"8":{"start":{"line":25,"column":90},"end":{"line":25,"column":98}},"9":{"start":{"line":27,"column":23},"end":{"line":27,"column":100}},"10":{"start":{"line":29,"column":28},"end":{"line":29,"column":65}},"11":{"start":{"line":30,"column":4},"end":{"line":30,"column":41}},"12":{"start":{"line":33,"column":4},"end":{"line":33,"column":48}},"13":{"start":{"line":38,"column":2},"end":{"line":62,"column":3}},"14":{"start":{"line":40,"column":41},"end":{"line":40,"column":49}},"15":{"start":{"line":42,"column":26},"end":{"line":42,"column":72}},"16":{"start":{"line":44,"column":4},"end":{"line":58,"column":5}},"17":{"start":{"line":45,"column":25},"end":{"line":45,"column":65}},"18":{"start":{"line":47,"column":6},"end":{"line":55,"column":7}},"19":{"start":{"line":49,"column":25},"end":{"line":49,"column":76}},"20":{"start":{"line":51,"column":30},"end":{"line":51,"column":63}},"21":{"start":{"line":52,"column":8},"end":{"line":52,"column":43}},"22":{"start":{"line":54,"column":8},"end":{"line":54,"column":58}},"23":{"start":{"line":57,"column":6},"end":{"line":57,"column":59}},"24":{"start":{"line":61,"column":4},"end":{"line":61,"column":48}}},"fnMap":{"0":{"name":"getAllOrder","decl":{"start":{"line":3,"column":15},"end":{"line":3,"column":26}},"loc":{"start":{"line":3,"column":38},"end":{"line":5,"column":1}},"line":3},"1":{"name":"getSingleOrder","decl":{"start":{"line":7,"column":15},"end":{"line":7,"column":29}},"loc":{"start":{"line":7,"column":41},"end":{"line":20,"column":1}},"line":7},"2":{"name":"createAddress","decl":{"start":{"line":22,"column":15},"end":{"line":22,"column":28}},"loc":{"start":{"line":22,"column":39},"end":{"line":35,"column":1}},"line":22},"3":{"name":"createOrder","decl":{"start":{"line":37,"column":15},"end":{"line":37,"column":26}},"loc":{"start":{"line":37,"column":37},"end":{"line":63,"column":1}},"line":37}},"branchMap":{"0":{"loc":{"start":{"line":12,"column":4},"end":{"line":16,"column":5}},"type":"if","locations":[{"start":{"line":12,"column":4},"end":{"line":16,"column":5}},{"start":{"line":14,"column":11},"end":{"line":16,"column":5}}],"line":12},"1":{"loc":{"start":{"line":44,"column":4},"end":{"line":58,"column":5}},"type":"if","locations":[{"start":{"line":44,"column":4},"end":{"line":58,"column":5}},{"start":{"line":56,"column":11},"end":{"line":58,"column":5}}],"line":44},"2":{"loc":{"start":{"line":47,"column":6},"end":{"line":55,"column":7}},"type":"if","locations":[{"start":{"line":47,"column":6},"end":{"line":55,"column":7}},{"start":{"line":53,"column":13},"end":{"line":55,"column":7}}],"line":47}},"s":{"0":3,"1":4,"2":4,"3":3,"4":2,"5":1,"6":1,"7":2,"8":2,"9":2,"10":2,"11":1,"12":1,"13":4,"14":4,"15":4,"16":4,"17":3,"18":2,"19":1,"20":1,"21":1,"22":1,"23":1,"24":1},"f":{"0":3,"1":4,"2":2,"3":4},"b":{"0":[2,1],"1":[3,1],"2":[1,1]},"_coverageSchema":"1a1c01bbd47fc00a2c39e90264f33305004495a9","hash":"28469649de346a29d6102e39f9548479dd84792f"}
,"/Users/niuchengqun/Desktop/coder acade/T3A2/T3A2-Part-B-Server/src/controllers/product_controller.js": {"path":"/Users/niuchengqun/Desktop/coder acade/T3A2/T3A2-Part-B-Server/src/controllers/product_controller.js","statementMap":{"0":{"start":{"line":5,"column":2},"end":{"line":5,"column":37}},"1":{"start":{"line":9,"column":22},"end":{"line":9,"column":37}},"2":{"start":{"line":10,"column":18},"end":{"line":10,"column":67}},"3":{"start":{"line":11,"column":2},"end":{"line":15,"column":3}},"4":{"start":{"line":12,"column":4},"end":{"line":12,"column":21}},"5":{"start":{"line":14,"column":4},"end":{"line":14,"column":57}}},"fnMap":{"0":{"name":"getAllProduct","decl":{"start":{"line":4,"column":15},"end":{"line":4,"column":28}},"loc":{"start":{"line":4,"column":40},"end":{"line":6,"column":1}},"line":4},"1":{"name":"getSingleProduct","decl":{"start":{"line":8,"column":15},"end":{"line":8,"column":31}},"loc":{"start":{"line":8,"column":43},"end":{"line":16,"column":1}},"line":8}},"branchMap":{"0":{"loc":{"start":{"line":11,"column":2},"end":{"line":15,"column":3}},"type":"if","locations":[{"start":{"line":11,"column":2},"end":{"line":15,"column":3}},{"start":{"line":13,"column":9},"end":{"line":15,"column":3}}],"line":11}},"s":{"0":3,"1":4,"2":4,"3":4,"4":3,"5":1},"f":{"0":3,"1":4},"b":{"0":[3,1]},"_coverageSchema":"1a1c01bbd47fc00a2c39e90264f33305004495a9","hash":"9e7f1912da5701b8d2716de1f88ed680bffc62d3"}
,"/Users/niuchengqun/Desktop/coder acade/T3A2/T3A2-Part-B-Server/src/routes/cart_routes.js": {"path":"/Users/niuchengqun/Desktop/coder acade/T3A2/T3A2-Part-B-Server/src/routes/cart_routes.js","statementMap":{"0":{"start":{"line":4,"column":15},"end":{"line":4,"column":31}},"1":{"start":{"line":7,"column":0},"end":{"line":7,"column":26}},"2":{"start":{"line":10,"column":0},"end":{"line":10,"column":37}},"3":{"start":{"line":13,"column":0},"end":{"line":13,"column":41}},"4":{"start":{"line":17,"column":0},"end":{"line":17,"column":46}},"5":{"start":{"line":20,"column":0},"end":{"line":20,"column":37}}},"fnMap":{},"branchMap":{},"s":{"0":3,"1":3,"2":3,"3":3,"4":3,"5":3},"f":{},"b":{},"_coverageSchema":"1a1c01bbd47fc00a2c39e90264f33305004495a9","hash":"4cbd50694738da90499086fd5730b39142f5c66a"}
,"/Users/niuchengqun/Desktop/coder acade/T3A2/T3A2-Part-B-Server/src/routes/order_routes.js": {"path":"/Users/niuchengqun/Desktop/coder acade/T3A2/T3A2-Part-B-Server/src/routes/order_routes.js","statementMap":{"0":{"start":{"line":3,"column":15},"end":{"line":3,"column":31}},"1":{"start":{"line":6,"column":0},"end":{"line":6,"column":27}},"2":{"start":{"line":9,"column":0},"end":{"line":9,"column":39}},"3":{"start":{"line":12,"column":0},"end":{"line":12,"column":38}},"4":{"start":{"line":15,"column":0},"end":{"line":15,"column":28}}},"fnMap":{},"branchMap":{},"s":{"0":3,"1":3,"2":3,"3":3,"4":3},"f":{},"b":{},"_coverageSchema":"1a1c01bbd47fc00a2c39e90264f33305004495a9","hash":"06e22e1ad1aa176e16710cb0e67eb8e5454274d5"}
,"/Users/niuchengqun/Desktop/coder acade/T3A2/T3A2-Part-B-Server/src/routes/product_routes.js": {"path":"/Users/niuchengqun/Desktop/coder acade/T3A2/T3A2-Part-B-Server/src/routes/product_routes.js","statementMap":{"0":{"start":{"line":4,"column":15},"end":{"line":4,"column":31}},"1":{"start":{"line":7,"column":0},"end":{"line":7,"column":29}},"2":{"start":{"line":10,"column":0},"end":{"line":10,"column":38}}},"fnMap":{},"branchMap":{},"s":{"0":3,"1":3,"2":3},"f":{},"b":{},"_coverageSchema":"1a1c01bbd47fc00a2c39e90264f33305004495a9","hash":"d0301d1608570231a89c41ee20cc605e7e0cc8f3"}
}
