TN:
SF:app.js
FN:16,(anonymous_0)
FNF:1
FNH:1
FNDA:1,(anonymous_0)
DA:9,3
DA:12,3
DA:13,3
DA:16,3
DA:18,3
DA:19,3
DA:20,3
LF:7
LH:7
BRF:0
BRH:0
end_of_record
TN:
SF:db.js
FN:10,dbClose
FNF:1
FNH:0
FNDA:0,dbClose
DA:5,4
DA:7,4
DA:11,0
DA:12,0
DA:16,4
DA:17,4
DA:18,4
DA:21,0
DA:25,4
DA:33,4
DA:42,4
DA:49,4
DA:62,4
DA:63,4
DA:64,4
DA:65,4
LF:16
LH:13
BRDA:18,0,0,4
BRDA:18,0,1,0
BRF:2
BRH:1
end_of_record
TN:
SF:controllers/cart_controller.js
FN:5,checkProduct
FN:19,checkCart
FN:38,updateCart
FN:47,(anonymous_3)
FN:69,getAllCart
FN:74,getSingleCart
FN:87,addProduct
FN:110,deleteProduct
FN:118,(anonymous_8)
FN:133,deleteCart
FNF:10
FNH:10
FNDA:17,checkProduct
FNDA:21,checkCart
FNDA:6,updateCart
FNDA:7,(anonymous_3)
FNDA:6,getAllCart
FNDA:10,getSingleCart
FNDA:10,addProduct
FNDA:6,deleteProduct
FNDA:3,(anonymous_8)
FNDA:6,deleteCart
DA:7,17
DA:9,17
DA:10,13
DA:11,13
DA:14,4
DA:21,21
DA:22,21
DA:24,19
DA:25,13
DA:28,6
DA:32,2
DA:41,6
DA:43,6
DA:45,4
DA:47,4
DA:48,7
DA:51,4
DA:52,3
DA:55,1
DA:58,4
DA:60,4
DA:61,4
DA:64,2
DA:70,6
DA:76,10
DA:78,10
DA:79,10
DA:80,6
DA:82,4
DA:89,10
DA:91,10
DA:93,8
DA:94,6
DA:97,2
DA:100,2
DA:101,2
DA:104,2
DA:112,6
DA:113,6
DA:115,4
DA:116,4
DA:118,2
DA:119,3
DA:121,2
DA:123,2
DA:125,2
DA:128,2
DA:135,6
DA:136,6
DA:138,4
DA:139,2
DA:141,2
DA:145,2
LF:53
LH:53
BRDA:9,0,0,13
BRDA:9,0,1,4
BRDA:24,1,0,13
BRDA:24,1,1,6
BRDA:43,2,0,4
BRDA:43,2,1,2
BRDA:51,3,0,3
BRDA:51,3,1,1
BRDA:79,4,0,6
BRDA:79,4,1,4
BRDA:91,5,0,8
BRDA:91,5,1,2
BRDA:93,6,0,6
BRDA:93,6,1,2
BRDA:113,7,0,4
BRDA:113,7,1,2
BRDA:116,8,0,2
BRDA:116,8,1,2
BRDA:138,9,0,2
BRDA:138,9,1,2
BRF:20
BRH:20
end_of_record
TN:
SF:controllers/order_controller.js
FN:3,getAllOrder
FN:7,getSingleOrder
FN:22,createAddress
FN:37,createOrder
FNF:4
FNH:4
FNDA:3,getAllOrder
FNDA:4,getSingleOrder
FNDA:2,createAddress
FNDA:4,createOrder
DA:4,3
DA:8,4
DA:10,4
DA:12,3
DA:13,2
DA:15,1
DA:18,1
DA:23,2
DA:25,2
DA:27,2
DA:29,2
DA:30,1
DA:33,1
DA:38,4
DA:40,4
DA:42,4
DA:44,4
DA:45,3
DA:47,2
DA:49,1
DA:51,1
DA:52,1
DA:54,1
DA:57,1
DA:61,1
LF:25
LH:25
BRDA:12,0,0,2
BRDA:12,0,1,1
BRDA:44,1,0,3
BRDA:44,1,1,1
BRDA:47,2,0,1
BRDA:47,2,1,1
BRF:6
BRH:6
end_of_record
TN:
SF:controllers/product_controller.js
FN:4,getAllProduct
FN:8,getSingleProduct
FNF:2
FNH:2
FNDA:3,getAllProduct
FNDA:4,getSingleProduct
DA:5,3
DA:9,4
DA:10,4
DA:11,4
DA:12,3
DA:14,1
LF:6
LH:6
BRDA:11,0,0,3
BRDA:11,0,1,1
BRF:2
BRH:2
end_of_record
TN:
SF:routes/cart_routes.js
FNF:0
FNH:0
DA:4,3
DA:7,3
DA:10,3
DA:13,3
DA:17,3
DA:20,3
LF:6
LH:6
BRF:0
BRH:0
end_of_record
TN:
SF:routes/order_routes.js
FNF:0
FNH:0
DA:3,3
DA:6,3
DA:9,3
DA:12,3
DA:15,3
LF:5
LH:5
BRF:0
BRH:0
end_of_record
TN:
SF:routes/product_routes.js
FNF:0
FNH:0
DA:4,3
DA:7,3
DA:10,3
LF:3
LH:3
BRF:0
BRH:0
end_of_record
